# JRE version: Java(TM) SE Runtime Environment (17.0.1+12) (build 17.0.1+12-LTS-39)
# Java VM: Java HotSpot(TM) 64-Bit Server VM (17.0.1+12-LTS-39, mixed mode, sharing, tiered, compressed oops, compressed class ptrs, g1 gc, bsd-amd64)
Heap:
 garbage-first heap   total 58368K, used 41619K [0x0000000780000000, 0x0000000800000000)
  region size 1024K, 33 young (33792K), 6 survivors (6144K)
 Metaspace       used 30202K, committed 30656K, reserved 1081344K
  class space    used 4318K, committed 4544K, reserved 1048576K
GC Heap History (6 events):
Event: 0.845 GC heap before
{Heap before GC invocations=0 (full 0):
 garbage-first heap   total 133120K, used 23508K [0x0000000780000000, 0x0000000800000000)
  region size 1024K, 23 young (23552K), 0 survivors (0K)
 Metaspace       used 6252K, committed 6400K, reserved 1056768K
  class space    used 770K, committed 832K, reserved 1048576K
}
Event: 0.851 GC heap after
{Heap after GC invocations=1 (full 0):
 garbage-first heap   total 133120K, used 4419K [0x0000000780000000, 0x0000000800000000)
  region size 1024K, 3 young (3072K), 3 survivors (3072K)
 Metaspace       used 6252K, committed 6400K, reserved 1056768K
  class space    used 770K, committed 832K, reserved 1048576K
}
Event: 2.426 GC heap before
{Heap before GC invocations=1 (full 0):
 garbage-first heap   total 133120K, used 48451K [0x0000000780000000, 0x0000000800000000)
  region size 1024K, 42 young (43008K), 3 survivors (3072K)
 Metaspace       used 16577K, committed 16896K, reserved 1064960K
  class space    used 2550K, committed 2688K, reserved 1048576K
}
Event: 2.432 GC heap after
{Heap after GC invocations=2 (full 0):
 garbage-first heap   total 133120K, used 12493K [0x0000000780000000, 0x0000000800000000)
  region size 1024K, 6 young (6144K), 6 survivors (6144K)
 Metaspace       used 16577K, committed 16896K, reserved 1064960K
  class space    used 2550K, committed 2688K, reserved 1048576K
}
Event: 6.958 GC heap before
{Heap before GC invocations=2 (full 0):
 garbage-first heap   total 133120K, used 35021K [0x0000000780000000, 0x0000000800000000)
  region size 1024K, 29 young (29696K), 6 survivors (6144K)
 Metaspace       used 21173K, committed 21504K, reserved 1073152K
  class space    used 3308K, committed 3456K, reserved 1048576K
}
Event: 6.963 GC heap after
{Heap after GC invocations=3 (full 0):
 garbage-first heap   total 133120K, used 14993K [0x0000000780000000, 0x0000000800000000)
  region size 1024K, 6 young (6144K), 6 survivors (6144K)
 Metaspace       used 21173K, committed 21504K, reserved 1073152K
  class space    used 3308K, committed 3456K, reserved 1048576K
}

